<?xml version="1.0" encoding="UTF-8"?>
<!-- Generated by org.testng.reporters.JUnitXMLReporter -->
<testsuite ignored="37" hostname="Nandhikas-MBP" failures="0" tests="1" name="Default test" time="47.423" errors="0" timestamp="2024-10-25T10:52:08 MDT">
  <testcase classname="salesforceWithTestng.allSalesforceTestcases" name="myprofile" time="33.103"/>
  <testcase classname="salesforceWithTestng.allSalesforceTestcases" name="forgotpassword4B" time="0.0">
    <ignored/>
  </testcase> <!-- forgotpassword4B -->
  <testcase classname="salesforceWithTestng.allSalesforceTestcases" name="checkrecentlycreated" time="0.0">
    <ignored/>
  </testcase> <!-- checkrecentlycreated -->
  <testcase classname="salesforceWithTestng.allSalesforceTestcases" name="developerconsole" time="0.0">
    <ignored/>
  </testcase> <!-- developerconsole -->
  <testcase classname="salesforceWithTestng.allSalesforceTestcases" name="testopppipelinereport" time="0.0">
    <ignored/>
  </testcase> <!-- testopppipelinereport -->
  <testcase classname="salesforceWithTestng.allSalesforceTestcases" name="checkcancelbutton" time="0.0">
    <ignored/>
  </testcase> <!-- checkcancelbutton -->
  <testcase classname="salesforceWithTestng.allSalesforceTestcases" name="ListitemTodaysLeadswork" time="0.0">
    <ignored/>
  </testcase> <!-- ListitemTodaysLeadswork -->
  <testcase classname="salesforceWithTestng.allSalesforceTestcases" name="createnewopp" time="0.0">
    <ignored/>
  </testcase> <!-- createnewopp -->
  <testcase classname="salesforceWithTestng.allSalesforceTestcases" name="checkRememberme" time="0.0">
    <ignored/>
  </testcase> <!-- checkRememberme -->
  <testcase classname="salesforceWithTestng.allSalesforceTestcases" name="checkmycontacts" time="0.0">
    <ignored/>
  </testcase> <!-- checkmycontacts -->
  <testcase classname="salesforceWithTestng.allSalesforceTestcases" name="testquaterlysummary" time="0.0">
    <ignored/>
  </testcase> <!-- testquaterlysummary -->
  <testcase classname="salesforceWithTestng.allSalesforceTestcases" name="createnewviewincontact" time="0.0">
    <ignored/>
  </testcase> <!-- createnewviewincontact -->
  <testcase classname="salesforceWithTestng.allSalesforceTestcases" name="checkleadstablink" time="0.0">
    <ignored/>
  </testcase> <!-- checkleadstablink -->
  <testcase classname="salesforceWithTestng.allSalesforceTestcases" name="checknewandsavebutton" time="0.0">
    <ignored/>
  </testcase> <!-- checknewandsavebutton -->
  <testcase classname="salesforceWithTestng.allSalesforceTestcases" name="FunctionalityoftheGoButton" time="0.0">
    <ignored/>
  </testcase> <!-- FunctionalityoftheGoButton -->
  <testcase classname="salesforceWithTestng.allSalesforceTestcases" name="createnewviewinaccount" time="0.0">
    <ignored/>
  </testcase> <!-- createnewviewinaccount -->
  <testcase classname="salesforceWithTestng.allSalesforceTestcases" name="mysetting" time="0.0">
    <ignored/>
  </testcase> <!-- mysetting -->
  <testcase classname="salesforceWithTestng.allSalesforceTestcases" name="validerrormessage" time="0.0">
    <ignored/>
  </testcase> <!-- validerrormessage -->
  <testcase classname="salesforceWithTestng.allSalesforceTestcases" name="blockinganeventwithrecurrance" time="0.0">
    <ignored/>
  </testcase> <!-- blockinganeventwithrecurrance -->
  <testcase classname="salesforceWithTestng.allSalesforceTestcases" name="validlogin" time="0.0">
    <ignored/>
  </testcase> <!-- validlogin -->
  <testcase classname="salesforceWithTestng.allSalesforceTestcases" name="viewacontact" time="0.0">
    <ignored/>
  </testcase> <!-- viewacontact -->
  <testcase classname="salesforceWithTestng.allSalesforceTestcases" name="forgotpassword4A" time="0.0">
    <ignored/>
  </testcase> <!-- forgotpassword4A -->
  <testcase classname="salesforceWithTestng.allSalesforceTestcases" name="invalidlogin" time="0.0">
    <ignored/>
  </testcase> <!-- invalidlogin -->
  <testcase classname="salesforceWithTestng.allSalesforceTestcases" name="opportunitiesdropdown" time="0.0">
    <ignored/>
  </testcase> <!-- opportunitiesdropdown -->
  <testcase classname="salesforceWithTestng.allSalesforceTestcases" name="CheckNewbuttononLeads" time="0.0">
    <ignored/>
  </testcase> <!-- CheckNewbuttononLeads -->
  <testcase classname="salesforceWithTestng.allSalesforceTestcases" name="ValidateViewdropdownlistcontents" time="0.0">
    <ignored/>
  </testcase> <!-- ValidateViewdropdownlistcontents -->
  <testcase classname="salesforceWithTestng.allSalesforceTestcases" name="validatehomepageedit" time="0.0">
    <ignored/>
  </testcase> <!-- validatehomepageedit -->
  <testcase classname="salesforceWithTestng.allSalesforceTestcases" name="logout" time="0.0">
    <ignored/>
  </testcase> <!-- logout -->
  <testcase classname="salesforceWithTestng.allSalesforceTestcases" name="validatehomepage" time="0.0">
    <ignored/>
  </testcase> <!-- validatehomepage -->
  <testcase classname="salesforceWithTestng.allSalesforceTestcases" name="validatedropdown" time="0.0">
    <ignored/>
  </testcase> <!-- validatedropdown -->
  <testcase classname="salesforceWithTestng.allSalesforceTestcases" name="blockinganevent" time="0.0">
    <ignored/>
  </testcase> <!-- blockinganevent -->
  <testcase classname="salesforceWithTestng.allSalesforceTestcases" name="mergeaccounts" time="0.0">
    <ignored/>
  </testcase> <!-- mergeaccounts -->
  <testcase classname="salesforceWithTestng.allSalesforceTestcases" name="createaccount" time="0.0">
    <ignored/>
  </testcase> <!-- createaccount -->
  <testcase classname="salesforceWithTestng.allSalesforceTestcases" name="verifytabcustomization" time="0.0">
    <ignored/>
  </testcase> <!-- verifytabcustomization -->
  <testcase classname="salesforceWithTestng.allSalesforceTestcases" name="createaccountreport" time="0.0">
    <ignored/>
  </testcase> <!-- createaccountreport -->
  <testcase classname="salesforceWithTestng.allSalesforceTestcases" name="createnewcontact" time="0.0">
    <ignored/>
  </testcase> <!-- createnewcontact -->
  <testcase classname="salesforceWithTestng.allSalesforceTestcases" name="teststuckoppreport" time="0.0">
    <ignored/>
  </testcase> <!-- teststuckoppreport -->
  <testcase classname="salesforceWithTestng.allSalesforceTestcases" name="editviewinaccount" time="0.0">
    <ignored/>
  </testcase> <!-- editviewinaccount -->
</testsuite> <!-- Default test -->
