<?xml version="1.0" encoding="UTF-8"?>
<!-- Generated by org.testng.reporters.JUnitXMLReporter -->
<testsuite ignored="10" hostname="Nandhikas-MBP" failures="0" tests="10" name="Salesforce Login and Functional Tests" time="259.528" errors="0" timestamp="2024-10-22T14:25:40 MDT">
  <testcase classname="com.automation.tests.AccountsTests" name="createAccount" time="29.476"/>
  <testcase classname="com.automation.tests.OpportunitiesTests" name="createNewOpp" time="22.993"/>
  <testcase classname="com.automation.tests.OpportunitiesTests" name="testopppipelinereport" time="16.981"/>
  <testcase classname="com.automation.tests.LoginTests" name="invalid_login" time="10.647"/>
  <testcase classname="com.automation.tests.LoginTests" name="valid_login" time="13.245"/>
  <testcase classname="com.automation.tests.ContactsTests" name="checknewandsavebutton" time="26.952"/>
  <testcase classname="com.automation.tests.HomeTests" name="logout" time="19.71"/>
  <testcase classname="com.automation.tests.HomeTests" name="userDopdown" time="19.231"/>
  <testcase classname="com.automation.tests.HomeTests" name="validatehomepage" time="19.728"/>
  <testcase classname="com.automation.tests.LeadsTests" name="CheckNewbuttononLeads" time="18.04"/>
  <testcase classname="com.automation.base.BaseTest" name="@AfterSuite tearDown" time="0.0">
    <ignored/>
  </testcase> <!-- @AfterSuite tearDown -->
  <testcase classname="com.automation.base.BaseTest" name="@AfterSuite tearDown" time="0.0">
    <ignored/>
  </testcase> <!-- @AfterSuite tearDown -->
  <testcase classname="com.automation.base.BaseTest" name="@AfterSuite tearDown" time="0.0">
    <ignored/>
  </testcase> <!-- @AfterSuite tearDown -->
  <testcase classname="com.automation.base.BaseTest" name="@BeforeSuite setUp" time="0.0">
    <ignored/>
  </testcase> <!-- @BeforeSuite setUp -->
  <testcase classname="com.automation.base.BaseTest" name="@AfterSuite tearDown" time="0.0">
    <ignored/>
  </testcase> <!-- @AfterSuite tearDown -->
  <testcase classname="com.automation.base.BaseTest" name="@BeforeSuite setUp" time="0.0">
    <ignored/>
  </testcase> <!-- @BeforeSuite setUp -->
  <testcase classname="com.automation.base.BaseTest" name="@AfterSuite tearDown" time="0.0">
    <ignored/>
  </testcase> <!-- @AfterSuite tearDown -->
  <testcase classname="com.automation.base.BaseTest" name="@BeforeSuite setUp" time="0.0">
    <ignored/>
  </testcase> <!-- @BeforeSuite setUp -->
  <testcase classname="com.automation.base.BaseTest" name="@BeforeSuite setUp" time="0.0">
    <ignored/>
  </testcase> <!-- @BeforeSuite setUp -->
  <testcase classname="com.automation.base.BaseTest" name="@BeforeSuite setUp" time="0.0">
    <ignored/>
  </testcase> <!-- @BeforeSuite setUp -->
</testsuite> <!-- Salesforce Login and Functional Tests -->
