<?xml version="1.0" encoding="UTF-8"?>
<testng-results ignored="0" total="1" passed="1" failed="0" skipped="0">
  <reporter-output>
  </reporter-output>
  <suite started-at="2024-10-25T10:51:20 MDT" name="Default suite" finished-at="2024-10-25T10:52:08 MDT" duration-ms="47423">
    <groups>
    </groups>
    <test started-at="2024-10-25T10:51:20 MDT" name="Default test" finished-at="2024-10-25T10:52:08 MDT" duration-ms="47423">
      <class name="salesforceWithTestng.allSalesforceTestcases">
        <test-method is-config="true" signature="setUpBeforeMethod(java.lang.String)[pri:0, instance:salesforceWithTestng.allSalesforceTestcases@7cbee484]" started-at="2024-10-25T10:51:20 MDT" name="setUpBeforeMethod" finished-at="2024-10-25T10:51:34 MDT" duration-ms="13461" status="PASS">
          <params>
            <param index="0">
              <value>
                <![CDATA[chrome]]>
              </value>
            </param>
          </params>
          <reporter-output>
          </reporter-output>
        </test-method> <!-- setUpBeforeMethod -->
        <test-method signature="myprofile()[pri:0, instance:salesforceWithTestng.allSalesforceTestcases@7cbee484]" started-at="2024-10-25T10:51:34 MDT" name="myprofile" finished-at="2024-10-25T10:52:07 MDT" duration-ms="33103" status="PASS">
          <reporter-output>
          </reporter-output>
        </test-method> <!-- myprofile -->
        <test-method is-config="true" signature="tearDownAfterMethod()[pri:0, instance:salesforceWithTestng.allSalesforceTestcases@7cbee484]" started-at="2024-10-25T10:52:07 MDT" name="tearDownAfterMethod" finished-at="2024-10-25T10:52:08 MDT" duration-ms="784" status="PASS">
          <reporter-output>
          </reporter-output>
        </test-method> <!-- tearDownAfterMethod -->
      </class> <!-- salesforceWithTestng.allSalesforceTestcases -->
    </test> <!-- Default test -->
  </suite> <!-- Default suite -->
</testng-results>
